<?xml version="1.0" encoding="UTF-8"?>
<!-- Generated by org.testng.reporters.JUnitReportReporter -->
<testsuite hostname="DESKTOP-KKA1PG4" failures="0" tests="1" name="cucumber.TestNGTestRunner" time="8.581" errors="0" timestamp="2025-04-21T17:40:08 IST" skipped="0">
  <testcase classname="cucumber.TestNGTestRunner" name="runScenario" time="8.581"/>
</testsuite> <!-- cucumber.TestNGTestRunner -->
