<?xml version="1.0" encoding="UTF-8"?>
<!-- Generated by org.testng.reporters.JUnitReportReporter -->
<testsuite hostname="DESKTOP-KKA1PG4" failures="0" tests="1" name="SDesai.tests.StandAloneTest3" time="15.421" errors="0" timestamp="2025-04-16T14:32:25 IST" skipped="0">
  <testcase classname="SDesai.tests.StandAloneTest3" name="submitOrder" time="15.421"/>
</testsuite> <!-- SDesai.tests.StandAloneTest3 -->
