<?xml version="1.0" encoding="UTF-8"?>
<!-- Generated by org.testng.reporters.JUnitReportReporter -->
<testsuite hostname="DESKTOP-KKA1PG4" failures="0" tests="2" name="SDesai.tests.SubmitOrder" time="27.601" errors="0" timestamp="2025-04-23T13:42:51 IST" skipped="0">
  <testcase classname="SDesai.tests.SubmitOrder" name="submitOrder" time="17.758"/>
  <testcase classname="SDesai.tests.SubmitOrder" name="submitOrder" time="9.843"/>
</testsuite> <!-- SDesai.tests.SubmitOrder -->
