<?xml version="1.0" encoding="UTF-8"?>
<!-- Generated by org.testng.reporters.JUnitReportReporter -->
<testsuite hostname="DESKTOP-KKA1PG4" failures="0" tests="3" name="SDesai.tests.SubmitOrder" time="47.279" errors="0" timestamp="2025-04-21T17:41:43 IST" skipped="0">
  <testcase classname="SDesai.tests.SubmitOrder" name="submitOrder" time="14.905"/>
  <testcase classname="SDesai.tests.SubmitOrder" name="orderHistoryTest" time="14.983"/>
  <testcase classname="SDesai.tests.SubmitOrder" name="submitOrder" time="17.391"/>
</testsuite> <!-- SDesai.tests.SubmitOrder -->
