<?xml version="1.0" encoding="UTF-8"?>
<!-- Generated by org.testng.reporters.JUnitReportReporter -->
<testsuite hostname="DESKTOP-KKA1PG4" failures="0" tests="3" name="SDesai.tests.SubmitOrder" time="24.809" errors="0" timestamp="2025-04-23T13:49:45 IST" skipped="0">
  <testcase classname="SDesai.tests.SubmitOrder" name="submitOrder" time="9.035"/>
  <testcase classname="SDesai.tests.SubmitOrder" name="submitOrder" time="11.366"/>
  <testcase classname="SDesai.tests.SubmitOrder" name="orderHistoryTest" time="4.408"/>
</testsuite> <!-- SDesai.tests.SubmitOrder -->
