<?xml version="1.0" encoding="UTF-8"?>
<!-- Generated by org.testng.reporters.JUnitReportReporter -->
<testsuite hostname="DESKTOP-KKA1PG4" failures="0" tests="1" name="SDesai.tests.ErrorValidation" time="31.600" errors="0" timestamp="2025-04-23T14:27:43 IST" skipped="0">
  <testcase classname="SDesai.tests.ErrorValidation" name="loginErrorValidation" time="31.600"/>
</testsuite> <!-- SDesai.tests.ErrorValidation -->
